<?xml version="1.0" encoding="UTF-8"?>
<!-- Generated by org.testng.reporters.JUnitReportReporter -->
<testsuite hostname="DAYWRKW7316" name="Maven.MavenProject.Maven" tests="1" failures="0" timestamp="22 Nov 2017 11:09:37 GMT" time="7.561" errors="0">
  <testcase name="google" time="7.561" classname="Maven.MavenProject.Maven"/>
</testsuite> <!-- Maven.MavenProject.Maven -->
