<?xml version="1.0" encoding="UTF-8"?>
<!-- Generated by org.testng.reporters.JUnitReportReporter -->
<testsuite hostname="daywrkw7313" name="ClaritasAutomation.AutomationClaritas.AppTest" tests="1" failures="0" timestamp="15 Nov 2017 06:39:15 GMT" time="22.358" errors="0">
  <testcase name="testProgram" time="22.358" classname="ClaritasAutomation.AutomationClaritas.AppTest"/>
</testsuite>
