<?xml version="1.0" encoding="UTF-8"?>
<!-- Generated by org.testng.reporters.JUnitReportReporter -->
<testsuite hostname="daywrkw7313" name="ClaritasAutomation.AutomationClaritas.AppTest" tests="1" failures="0" timestamp="23 Nov 2017 08:01:59 GMT" time="16.660" errors="0">
  <testcase name="testProgram" time="16.660" classname="ClaritasAutomation.AutomationClaritas.AppTest"/>
</testsuite>
